<?xml version="1.0" encoding="UTF-8"?>
<robot generator="Robot 3.2.2 (Python 3.9.1 on darwin)" generated="20210301 20:21:40.834" rpa="false">
<suite id="s1" name="Tests" source="/Users/jonnahagberg/PycharmProjects/AutoTestLab2_VG_Jonna/Tests">
<suite id="s1-s1" name="Test" source="/Users/jonnahagberg/PycharmProjects/AutoTestLab2_VG_Jonna/Tests/test.robot">
<kw name="Begin Web Test" library="keywords" type="setup">
<kw name="Open Browser" library="SeleniumLibrary">
<doc>Opens a new browser instance to the optional ``url``.</doc>
<arguments>
<arg>about:blank</arg>
<arg>${BROWSER}</arg>
</arguments>
<msg timestamp="20210301 20:21:41.028" level="INFO">Opening browser 'headlesschrome' to base url 'about:blank'.</msg>
<status status="PASS" starttime="20210301 20:21:41.028" endtime="20210301 20:21:43.023"></status>
</kw>
<status status="PASS" starttime="20210301 20:21:41.028" endtime="20210301 20:21:43.023"></status>
</kw>
<test id="s1-s1-t1" name="Complete test of booking a car">
<kw name="Given I have logged in with correct info" library="keywords">
<kw name="Go To Web Page" library="keywords">
<kw name="Load Page" library="keywords">
<kw name="Go To" library="SeleniumLibrary">
<doc>Navigates the current browser window to the provided ``url``.</doc>
<arguments>
<arg>${URL}</arg>
</arguments>
<msg timestamp="20210301 20:21:43.026" level="INFO">Opening url 'http://rental12.infotiv.net/'</msg>
<status status="PASS" starttime="20210301 20:21:43.026" endtime="20210301 20:21:43.401"></status>
</kw>
<status status="PASS" starttime="20210301 20:21:43.025" endtime="20210301 20:21:43.402"></status>
</kw>
<kw name="Verify Page Loaded" library="keywords">
<kw name="Wait Until Page Contains" library="SeleniumLibrary">
<doc>Waits until ``text`` appears on the current page.</doc>
<arguments>
<arg>Infotiv Car Rental</arg>
</arguments>
<status status="PASS" starttime="20210301 20:21:43.402" endtime="20210301 20:21:43.414"></status>
</kw>
<status status="PASS" starttime="20210301 20:21:43.402" endtime="20210301 20:21:43.414"></status>
</kw>
<status status="PASS" starttime="20210301 20:21:43.025" endtime="20210301 20:21:43.414"></status>
</kw>
<kw name="Login" library="keywords">
<arguments>
<arg>jonna.hagberg@iths.se</arg>
<arg>hagberg</arg>
</arguments>
<kw name="Username Input" library="keywords">
<arguments>
<arg>${username}</arg>
</arguments>
<kw name="Click Element" library="SeleniumLibrary">
<doc>Click the element identified by ``locator``.</doc>
<arguments>
<arg>xpath://*[@id="email"]</arg>
</arguments>
<msg timestamp="20210301 20:21:43.416" level="INFO">Clicking element 'xpath://*[@id="email"]'.</msg>
<status status="PASS" starttime="20210301 20:21:43.415" endtime="20210301 20:21:43.470"></status>
</kw>
<kw name="Press Keys" library="SeleniumLibrary">
<doc>Simulates the user pressing key(s) to an element or on the active browser.</doc>
<arguments>
<arg>xpath://*[@id="email"]</arg>
<arg>${username}</arg>
</arguments>
<msg timestamp="20210301 20:21:43.471" level="INFO">Sending key(s) ('jonna.hagberg@iths.se',) to xpath://*[@id="email"] element.</msg>
<msg timestamp="20210301 20:21:43.739" level="INFO">Sending keys jonna.hagberg@iths.se</msg>
<status status="PASS" starttime="20210301 20:21:43.470" endtime="20210301 20:21:43.960"></status>
</kw>
<status status="PASS" starttime="20210301 20:21:43.415" endtime="20210301 20:21:43.960"></status>
</kw>
<kw name="Password Input" library="keywords">
<arguments>
<arg>${password}</arg>
</arguments>
<kw name="Click Element" library="SeleniumLibrary">
<doc>Click the element identified by ``locator``.</doc>
<arguments>
<arg>xpath://*[@id="password"]</arg>
</arguments>
<msg timestamp="20210301 20:21:43.961" level="INFO">Clicking element 'xpath://*[@id="password"]'.</msg>
<status status="PASS" starttime="20210301 20:21:43.961" endtime="20210301 20:21:44.008"></status>
</kw>
<kw name="Press Keys" library="SeleniumLibrary">
<doc>Simulates the user pressing key(s) to an element or on the active browser.</doc>
<arguments>
<arg>xpath://*[@id="password"]</arg>
<arg>${password}</arg>
</arguments>
<msg timestamp="20210301 20:21:44.009" level="INFO">Sending key(s) ('hagberg',) to xpath://*[@id="password"] element.</msg>
<msg timestamp="20210301 20:21:44.289" level="INFO">Sending keys hagberg</msg>
<status status="PASS" starttime="20210301 20:21:44.008" endtime="20210301 20:21:44.313"></status>
</kw>
<status status="PASS" starttime="20210301 20:21:43.960" endtime="20210301 20:21:44.313"></status>
</kw>
<kw name="Click login" library="keywords">
<kw name="Click Button" library="SeleniumLibrary">
<doc>Clicks the button identified by ``locator``.</doc>
<arguments>
<arg>xpath://*[@id="login"]</arg>
</arguments>
<msg timestamp="20210301 20:21:44.314" level="INFO">Clicking button 'xpath://*[@id="login"]'.</msg>
<status status="PASS" starttime="20210301 20:21:44.313" endtime="20210301 20:21:44.984"></status>
</kw>
<status status="PASS" starttime="20210301 20:21:44.313" endtime="20210301 20:21:44.984"></status>
</kw>
<kw name="Verify login" library="keywords">
<kw name="Wait Until Page Contains" library="SeleniumLibrary">
<doc>Waits until ``text`` appears on the current page.</doc>
<arguments>
<arg>You are signed in as Jonna</arg>
</arguments>
<status status="PASS" starttime="20210301 20:21:44.985" endtime="20210301 20:21:44.994"></status>
</kw>
<status status="PASS" starttime="20210301 20:21:44.984" endtime="20210301 20:21:44.994"></status>
</kw>
<status status="PASS" starttime="20210301 20:21:43.415" endtime="20210301 20:21:44.994"></status>
</kw>
<status status="PASS" starttime="20210301 20:21:43.025" endtime="20210301 20:21:44.994"></status>
</kw>
<kw name="When I have chosen rental period" library="keywords">
<kw name="Choose startdate" library="keywords">
<arguments>
<arg>0308</arg>
<arg>2021-03-08</arg>
</arguments>
<kw name="Click Element" library="SeleniumLibrary">
<doc>Click the element identified by ``locator``.</doc>
<arguments>
<arg>xpath://*[@id="start"]</arg>
</arguments>
<msg timestamp="20210301 20:21:44.996" level="INFO">Clicking element 'xpath://*[@id="start"]'.</msg>
<status status="PASS" starttime="20210301 20:21:44.995" endtime="20210301 20:21:45.045"></status>
</kw>
<kw name="Press Keys" library="SeleniumLibrary">
<doc>Simulates the user pressing key(s) to an element or on the active browser.</doc>
<arguments>
<arg>xpath://*[@id="start"]</arg>
<arg>${choose_start_date}</arg>
</arguments>
<msg timestamp="20210301 20:21:45.046" level="INFO">Sending key(s) ('0308',) to xpath://*[@id="start"] element.</msg>
<msg timestamp="20210301 20:21:45.327" level="INFO">Sending keys 0308</msg>
<status status="PASS" starttime="20210301 20:21:45.046" endtime="20210301 20:21:45.373"></status>
</kw>
<kw name="Verify chosen startdate" library="keywords">
<arguments>
<arg>${chosen_start_date}</arg>
</arguments>
<kw name="Get Value" library="SeleniumLibrary">
<doc>Returns the value attribute of the element identified by ``locator``.</doc>
<arguments>
<arg>id=start</arg>
</arguments>
<assign>
<var>${actual_start_date}</var>
</assign>
<msg timestamp="20210301 20:21:45.389" level="INFO">${actual_start_date} = 2021-03-08</msg>
<status status="PASS" starttime="20210301 20:21:45.374" endtime="20210301 20:21:45.389"></status>
</kw>
<kw name="Should Be Equal" library="BuiltIn">
<doc>Fails if the given objects are unequal.</doc>
<arguments>
<arg>"${chosen_start_date}"</arg>
<arg>"${actual_start_date}"</arg>
</arguments>
<status status="PASS" starttime="20210301 20:21:45.389" endtime="20210301 20:21:45.389"></status>
</kw>
<status status="PASS" starttime="20210301 20:21:45.373" endtime="20210301 20:21:45.389"></status>
</kw>
<status status="PASS" starttime="20210301 20:21:44.995" endtime="20210301 20:21:45.390"></status>
</kw>
<kw name="Choose enddate" library="keywords">
<arguments>
<arg>0310</arg>
<arg>2021-03-10</arg>
</arguments>
<kw name="Click Element" library="SeleniumLibrary">
<doc>Click the element identified by ``locator``.</doc>
<arguments>
<arg>xpath://*[@id="end"]</arg>
</arguments>
<msg timestamp="20210301 20:21:45.390" level="INFO">Clicking element 'xpath://*[@id="end"]'.</msg>
<status status="PASS" starttime="20210301 20:21:45.390" endtime="20210301 20:21:45.436"></status>
</kw>
<kw name="Press Keys" library="SeleniumLibrary">
<doc>Simulates the user pressing key(s) to an element or on the active browser.</doc>
<arguments>
<arg>xpath://*[@id="end"]</arg>
<arg>${choose_end_date}</arg>
</arguments>
<msg timestamp="20210301 20:21:45.436" level="INFO">Sending key(s) ('0310',) to xpath://*[@id="end"] element.</msg>
<msg timestamp="20210301 20:21:45.709" level="INFO">Sending keys 0310</msg>
<status status="PASS" starttime="20210301 20:21:45.436" endtime="20210301 20:21:45.720"></status>
</kw>
<kw name="Verify chosen enddate" library="keywords">
<arguments>
<arg>${chosen_end_date}</arg>
</arguments>
<kw name="Get Value" library="SeleniumLibrary">
<doc>Returns the value attribute of the element identified by ``locator``.</doc>
<arguments>
<arg>id=end</arg>
</arguments>
<assign>
<var>${actual_end_date}</var>
</assign>
<msg timestamp="20210301 20:21:45.734" level="INFO">${actual_end_date} = 2021-03-10</msg>
<status status="PASS" starttime="20210301 20:21:45.721" endtime="20210301 20:21:45.735"></status>
</kw>
<kw name="Should Be Equal" library="BuiltIn">
<doc>Fails if the given objects are unequal.</doc>
<arguments>
<arg>"${chosen_end_date}"</arg>
<arg>"${actual_end_date}"</arg>
</arguments>
<status status="PASS" starttime="20210301 20:21:45.735" endtime="20210301 20:21:45.735"></status>
</kw>
<status status="PASS" starttime="20210301 20:21:45.720" endtime="20210301 20:21:45.735"></status>
</kw>
<status status="PASS" starttime="20210301 20:21:45.390" endtime="20210301 20:21:45.736"></status>
</kw>
<kw name="Click Continue" library="keywords">
<kw name="Click Button" library="SeleniumLibrary">
<doc>Clicks the button identified by ``locator``.</doc>
<arguments>
<arg>id:continue</arg>
</arguments>
<msg timestamp="20210301 20:21:45.736" level="INFO">Clicking button 'id:continue'.</msg>
<status status="PASS" starttime="20210301 20:21:45.736" endtime="20210301 20:21:46.231"></status>
</kw>
<kw name="Verify Rental Dates Are Correct" library="keywords">
<kw name="Get Text" library="SeleniumLibrary">
<doc>Returns the text value of the element identified by ``locator``.</doc>
<arguments>
<arg>id:questionText</arg>
</arguments>
<assign>
<var>${actual_text}</var>
</assign>
<msg timestamp="20210301 20:21:46.287" level="INFO">${actual_text} = What would you like to drive?</msg>
<status status="PASS" starttime="20210301 20:21:46.231" endtime="20210301 20:21:46.287"></status>
</kw>
<kw name="Should Be Equal" library="BuiltIn">
<doc>Fails if the given objects are unequal.</doc>
<arguments>
<arg>"${actual_text}"</arg>
<arg>"What would you like to drive?"</arg>
</arguments>
<status status="PASS" starttime="20210301 20:21:46.288" endtime="20210301 20:21:46.288"></status>
</kw>
<status status="PASS" starttime="20210301 20:21:46.231" endtime="20210301 20:21:46.289"></status>
</kw>
<status status="PASS" starttime="20210301 20:21:45.736" endtime="20210301 20:21:46.289"></status>
</kw>
<status status="PASS" starttime="20210301 20:21:44.995" endtime="20210301 20:21:46.289"></status>
</kw>
<kw name="And Chosen a car" library="keywords">
<kw name="Sleep" library="BuiltIn">
<doc>Pauses the test executed for the given time.</doc>
<arguments>
<arg>2 seconds</arg>
</arguments>
<msg timestamp="20210301 20:21:48.290" level="INFO">Slept 2 seconds</msg>
<status status="PASS" starttime="20210301 20:21:46.289" endtime="20210301 20:21:48.290"></status>
</kw>
<kw name="Book car - Audi Q7" library="keywords">
<kw name="Click Button" library="SeleniumLibrary">
<doc>Clicks the button identified by ``locator``.</doc>
<arguments>
<arg>xpath://*[@id="bookQ7pass5"]</arg>
</arguments>
<msg timestamp="20210301 20:21:48.292" level="INFO">Clicking button 'xpath://*[@id="bookQ7pass5"]'.</msg>
<status status="PASS" starttime="20210301 20:21:48.291" endtime="20210301 20:21:48.809"></status>
</kw>
<kw name="Verify Car Selection - Audi Q7" library="keywords">
<kw name="Get Text" library="SeleniumLibrary">
<doc>Returns the text value of the element identified by ``locator``.</doc>
<arguments>
<arg>id:questionText</arg>
</arguments>
<assign>
<var>${actual_text}</var>
</assign>
<msg timestamp="20210301 20:21:48.827" level="INFO">${actual_text} = Confirm booking of Audi Q7</msg>
<status status="PASS" starttime="20210301 20:21:48.810" endtime="20210301 20:21:48.827"></status>
</kw>
<kw name="Should Be Equal" library="BuiltIn">
<doc>Fails if the given objects are unequal.</doc>
<arguments>
<arg>"${actual_text}"</arg>
<arg>"Confirm booking of Audi Q7"</arg>
</arguments>
<status status="PASS" starttime="20210301 20:21:48.828" endtime="20210301 20:21:48.828"></status>
</kw>
<status status="PASS" starttime="20210301 20:21:48.809" endtime="20210301 20:21:48.828"></status>
</kw>
<status status="PASS" starttime="20210301 20:21:48.291" endtime="20210301 20:21:48.828"></status>
</kw>
<status status="PASS" starttime="20210301 20:21:46.289" endtime="20210301 20:21:48.828"></status>
</kw>
<kw name="And Entered my credit card info correctly" library="keywords">
<kw name="Input CardNumber" library="keywords">
<arguments>
<arg>0002223334445556</arg>
</arguments>
<kw name="Click Element" library="SeleniumLibrary">
<doc>Click the element identified by ``locator``.</doc>
<arguments>
<arg>xpath://*[@id="cardNum"]</arg>
</arguments>
<msg timestamp="20210301 20:21:48.829" level="INFO">Clicking element 'xpath://*[@id="cardNum"]'.</msg>
<status status="PASS" starttime="20210301 20:21:48.829" endtime="20210301 20:21:48.870"></status>
</kw>
<kw name="Press Keys" library="SeleniumLibrary">
<doc>Simulates the user pressing key(s) to an element or on the active browser.</doc>
<arguments>
<arg>xpath://*[@id="cardNum"]</arg>
<arg>${card_number}</arg>
</arguments>
<msg timestamp="20210301 20:21:48.871" level="INFO">Sending key(s) ('0002223334445556',) to xpath://*[@id="cardNum"] element.</msg>
<msg timestamp="20210301 20:21:49.138" level="INFO">Sending keys 0002223334445556</msg>
<status status="PASS" starttime="20210301 20:21:48.870" endtime="20210301 20:21:49.172"></status>
</kw>
<status status="PASS" starttime="20210301 20:21:48.829" endtime="20210301 20:21:49.172"></status>
</kw>
<kw name="Input CardName" library="keywords">
<arguments>
<arg>Jonna Hagberg</arg>
</arguments>
<kw name="Click Element" library="SeleniumLibrary">
<doc>Click the element identified by ``locator``.</doc>
<arguments>
<arg>xpath://*[@id="fullName"]</arg>
</arguments>
<msg timestamp="20210301 20:21:49.173" level="INFO">Clicking element 'xpath://*[@id="fullName"]'.</msg>
<status status="PASS" starttime="20210301 20:21:49.173" endtime="20210301 20:21:49.215"></status>
</kw>
<kw name="Press Keys" library="SeleniumLibrary">
<doc>Simulates the user pressing key(s) to an element or on the active browser.</doc>
<arguments>
<arg>xpath://*[@id="fullName"]</arg>
<arg>${card_Name}</arg>
</arguments>
<msg timestamp="20210301 20:21:49.216" level="INFO">Sending key(s) ('Jonna Hagberg',) to xpath://*[@id="fullName"] element.</msg>
<msg timestamp="20210301 20:21:49.485" level="INFO">Sending keys Jonna Hagberg</msg>
<status status="PASS" starttime="20210301 20:21:49.215" endtime="20210301 20:21:49.512"></status>
</kw>
<status status="PASS" starttime="20210301 20:21:49.173" endtime="20210301 20:21:49.512"></status>
</kw>
<kw name="Choose CardMonth" library="keywords">
<kw name="Click Element" library="SeleniumLibrary">
<doc>Click the element identified by ``locator``.</doc>
<arguments>
<arg>xpath://*[@id="confirmSelection"]/form/select[1]</arg>
</arguments>
<msg timestamp="20210301 20:21:49.513" level="INFO">Clicking element 'xpath://*[@id="confirmSelection"]/form/select[1]'.</msg>
<status status="PASS" starttime="20210301 20:21:49.512" endtime="20210301 20:21:49.550"></status>
</kw>
<kw name="Click Element" library="SeleniumLibrary">
<doc>Click the element identified by ``locator``.</doc>
<arguments>
<arg>xpath://*[@id="month3"]</arg>
</arguments>
<msg timestamp="20210301 20:21:49.550" level="INFO">Clicking element 'xpath://*[@id="month3"]'.</msg>
<status status="PASS" starttime="20210301 20:21:49.550" endtime="20210301 20:21:49.576"></status>
</kw>
<kw name="Sleep" library="BuiltIn">
<doc>Pauses the test executed for the given time.</doc>
<arguments>
<arg>1 seconds</arg>
</arguments>
<msg timestamp="20210301 20:21:50.577" level="INFO">Slept 1 second</msg>
<status status="PASS" starttime="20210301 20:21:49.576" endtime="20210301 20:21:50.578"></status>
</kw>
<status status="PASS" starttime="20210301 20:21:49.512" endtime="20210301 20:21:50.578"></status>
</kw>
<kw name="Choose CardYear" library="keywords">
<kw name="Click Element" library="SeleniumLibrary">
<doc>Click the element identified by ``locator``.</doc>
<arguments>
<arg>xpath://*[@id="confirmSelection"]/form/select[2]</arg>
</arguments>
<msg timestamp="20210301 20:21:50.579" level="INFO">Clicking element 'xpath://*[@id="confirmSelection"]/form/select[2]'.</msg>
<status status="PASS" starttime="20210301 20:21:50.579" endtime="20210301 20:21:50.614"></status>
</kw>
<kw name="Click Element" library="SeleniumLibrary">
<doc>Click the element identified by ``locator``.</doc>
<arguments>
<arg>xpath://*[@id="month2022"]</arg>
</arguments>
<msg timestamp="20210301 20:21:50.614" level="INFO">Clicking element 'xpath://*[@id="month2022"]'.</msg>
<status status="PASS" starttime="20210301 20:21:50.614" endtime="20210301 20:21:50.639"></status>
</kw>
<kw name="Sleep" library="BuiltIn">
<doc>Pauses the test executed for the given time.</doc>
<arguments>
<arg>1 seconds</arg>
</arguments>
<msg timestamp="20210301 20:21:51.640" level="INFO">Slept 1 second</msg>
<status status="PASS" starttime="20210301 20:21:50.639" endtime="20210301 20:21:51.640"></status>
</kw>
<status status="PASS" starttime="20210301 20:21:50.578" endtime="20210301 20:21:51.640"></status>
</kw>
<kw name="Input CVC" library="keywords">
<kw name="Click Element" library="SeleniumLibrary">
<doc>Click the element identified by ``locator``.</doc>
<arguments>
<arg>xpath://*[@id="cvc"]</arg>
</arguments>
<msg timestamp="20210301 20:21:51.641" level="INFO">Clicking element 'xpath://*[@id="cvc"]'.</msg>
<status status="PASS" starttime="20210301 20:21:51.641" endtime="20210301 20:21:51.682"></status>
</kw>
<kw name="Press Keys" library="SeleniumLibrary">
<doc>Simulates the user pressing key(s) to an element or on the active browser.</doc>
<arguments>
<arg>xpath://*[@id="cvc"]</arg>
<arg>542</arg>
</arguments>
<msg timestamp="20210301 20:21:51.683" level="INFO">Sending key(s) ('542',) to xpath://*[@id="cvc"] element.</msg>
<msg timestamp="20210301 20:21:51.952" level="INFO">Sending keys 542</msg>
<status status="PASS" starttime="20210301 20:21:51.682" endtime="20210301 20:21:51.962"></status>
</kw>
<kw name="Sleep" library="BuiltIn">
<doc>Pauses the test executed for the given time.</doc>
<arguments>
<arg>1 seconds</arg>
</arguments>
<msg timestamp="20210301 20:21:52.964" level="INFO">Slept 1 second</msg>
<status status="PASS" starttime="20210301 20:21:51.962" endtime="20210301 20:21:52.964"></status>
</kw>
<status status="PASS" starttime="20210301 20:21:51.640" endtime="20210301 20:21:52.965"></status>
</kw>
<kw name="Confirm Credit Card" library="keywords">
<kw name="Click Button" library="SeleniumLibrary">
<doc>Clicks the button identified by ``locator``.</doc>
<arguments>
<arg>xpath://*[@id="confirm"]</arg>
</arguments>
<msg timestamp="20210301 20:21:52.966" level="INFO">Clicking button 'xpath://*[@id="confirm"]'.</msg>
<status status="PASS" starttime="20210301 20:21:52.965" endtime="20210301 20:21:53.253"></status>
</kw>
<kw name="Wait Until Page Contains" library="SeleniumLibrary">
<doc>Waits until ``text`` appears on the current page.</doc>
<arguments>
<arg>You can view your booking on your page</arg>
</arguments>
<status status="PASS" starttime="20210301 20:21:53.254" endtime="20210301 20:21:53.265"></status>
</kw>
<status status="PASS" starttime="20210301 20:21:52.965" endtime="20210301 20:21:53.265"></status>
</kw>
<status status="PASS" starttime="20210301 20:21:48.828" endtime="20210301 20:21:53.265"></status>
</kw>
<kw name="Then I should get a confirmation of the booking" library="keywords">
<kw name="Confirm booking" library="keywords">
<kw name="Get Text" library="SeleniumLibrary">
<doc>Returns the text value of the element identified by ``locator``.</doc>
<arguments>
<arg>xpath://*[@id="questionTextSmall"]</arg>
</arguments>
<assign>
<var>${text_confirmation}</var>
</assign>
<msg timestamp="20210301 20:21:53.286" level="INFO">${text_confirmation} = A Audi Q7 is now ready for pickup 2021-03-08</msg>
<status status="PASS" starttime="20210301 20:21:53.266" endtime="20210301 20:21:53.286"></status>
</kw>
<kw name="Should Be Equal" library="BuiltIn">
<doc>Fails if the given objects are unequal.</doc>
<arguments>
<arg>"A Audi Q7 is now ready for pickup 2021-03-08"</arg>
<arg>"${text_confirmation}"</arg>
</arguments>
<status status="PASS" starttime="20210301 20:21:53.286" endtime="20210301 20:21:53.286"></status>
</kw>
<status status="PASS" starttime="20210301 20:21:53.266" endtime="20210301 20:21:53.287"></status>
</kw>
<status status="PASS" starttime="20210301 20:21:53.265" endtime="20210301 20:21:53.287"></status>
</kw>
<doc>Testar hela flödet att logga in, boka bil och få det bekräftat</doc>
<tags>
<tag>Booking</tag>
<tag>Complete</tag>
</tags>
<status status="PASS" starttime="20210301 20:21:43.023" endtime="20210301 20:21:53.287" critical="yes"></status>
</test>
<kw name="End Web Test" library="keywords" type="teardown">
<kw name="Clear all bookings" library="keywords">
<kw name="Click Button" library="SeleniumLibrary">
<doc>Clicks the button identified by ``locator``.</doc>
<arguments>
<arg>xpath://*[@id="mypage"]</arg>
</arguments>
<msg timestamp="20210301 20:21:53.290" level="INFO">Clicking button 'xpath://*[@id="mypage"]'.</msg>
<status status="PASS" starttime="20210301 20:21:53.289" endtime="20210301 20:21:53.576"></status>
</kw>
<kw name="Click Button" library="SeleniumLibrary">
<doc>Clicks the button identified by ``locator``.</doc>
<arguments>
<arg>xpath://*[@id="unBook1"]</arg>
</arguments>
<msg timestamp="20210301 20:21:53.576" level="INFO">Clicking button 'xpath://*[@id="unBook1"]'.</msg>
<status status="PASS" starttime="20210301 20:21:53.576" endtime="20210301 20:21:53.623"></status>
</kw>
<kw name="Handle Alert" library="SeleniumLibrary">
<doc>Handles the current alert and returns its message.</doc>
<msg timestamp="20210301 20:21:53.624" level="INFO">HANDLE::&lt;class 'NoneType'&gt;::None</msg>
<status status="PASS" starttime="20210301 20:21:53.623" endtime="20210301 20:21:53.627"></status>
</kw>
<kw name="Click Button" library="SeleniumLibrary">
<doc>Clicks the button identified by ``locator``.</doc>
<arguments>
<arg>xpath://*[@id="mypage"]</arg>
</arguments>
<msg timestamp="20210301 20:21:53.628" level="INFO">Clicking button 'xpath://*[@id="mypage"]'.</msg>
<status status="PASS" starttime="20210301 20:21:53.627" endtime="20210301 20:21:54.226"></status>
</kw>
<kw name="Verify no bookings left" library="keywords">
<kw name="Get Text" library="SeleniumLibrary">
<doc>Returns the text value of the element identified by ``locator``.</doc>
<arguments>
<arg>xpath://*[@id="historyText"]</arg>
</arguments>
<assign>
<var>${actual_text}</var>
</assign>
<msg timestamp="20210301 20:21:54.248" level="INFO">${actual_text} = You have no bookings</msg>
<status status="PASS" starttime="20210301 20:21:54.227" endtime="20210301 20:21:54.248"></status>
</kw>
<kw name="Should Be Equal" library="BuiltIn">
<doc>Fails if the given objects are unequal.</doc>
<arguments>
<arg>"You have no bookings"</arg>
<arg>"${actual_text}"</arg>
</arguments>
<status status="PASS" starttime="20210301 20:21:54.248" endtime="20210301 20:21:54.249"></status>
</kw>
<kw name="Sleep" library="BuiltIn">
<doc>Pauses the test executed for the given time.</doc>
<arguments>
<arg>1 seconds</arg>
</arguments>
<msg timestamp="20210301 20:21:55.250" level="INFO">Slept 1 second</msg>
<status status="PASS" starttime="20210301 20:21:54.249" endtime="20210301 20:21:55.250"></status>
</kw>
<status status="PASS" starttime="20210301 20:21:54.226" endtime="20210301 20:21:55.250"></status>
</kw>
<status status="PASS" starttime="20210301 20:21:53.288" endtime="20210301 20:21:55.250"></status>
</kw>
<kw name="Close Browser" library="SeleniumLibrary">
<doc>Closes the current browser.</doc>
<status status="PASS" starttime="20210301 20:21:55.251" endtime="20210301 20:21:55.316"></status>
</kw>
<status status="PASS" starttime="20210301 20:21:53.288" endtime="20210301 20:21:55.316"></status>
</kw>
<doc>Lab 2 - VG Del - Jonna Hagberg</doc>
<status status="PASS" starttime="20210301 20:21:40.858" endtime="20210301 20:21:55.316"></status>
</suite>
<status status="PASS" starttime="20210301 20:21:40.835" endtime="20210301 20:21:55.321"></status>
</suite>
<statistics>
<total>
<stat pass="1" fail="0">Critical Tests</stat>
<stat pass="1" fail="0">All Tests</stat>
</total>
<tag>
<stat pass="1" fail="0">Booking</stat>
<stat pass="1" fail="0">Complete</stat>
</tag>
<suite>
<stat pass="1" fail="0" id="s1" name="Tests">Tests</stat>
<stat pass="1" fail="0" id="s1-s1" name="Test">Tests.Test</stat>
</suite>
</statistics>
<errors>
</errors>
</robot>
